2024-12-09 12:50:46 [main] DEBUG c.s.s.s.JwtAuthenticationFilter - Filter 'jwtAuthenticationFilter' configured for use
2024-12-09 12:50:52 [http-nio-9080-exec-1] DEBUG c.s.s.s.JwtAuthenticationFilter - Processing request to: /api/health with token present: false
2024-12-09 12:51:02 [http-nio-9080-exec-2] DEBUG c.s.s.s.JwtAuthenticationFilter - Processing request to: /api/health with token present: false
2024-12-09 12:51:06 [http-nio-9080-exec-3] DEBUG c.s.s.s.JwtAuthenticationFilter - Processing request to: /api/auth/login with token present: false
2024-12-09 12:51:06 [http-nio-9080-exec-3] DEBUG c.s.s.s.JwtAuthenticationFilter - Processing request to: /api/auth/login with token present: false
2024-12-09 12:51:07 [http-nio-9080-exec-4] DEBUG c.s.s.s.JwtAuthenticationFilter - Processing request to: /api/users/count with token present: true
2024-12-09 12:51:07 [http-nio-9080-exec-5] DEBUG c.s.s.s.JwtAuthenticationFilter - Processing request to: /api/books/count with token present: true
2024-12-09 12:51:07 [http-nio-9080-exec-6] DEBUG c.s.s.s.JwtAuthenticationFilter - Processing request to: /api/transactions/active-loans-count with token present: true
2024-12-09 12:51:07 [http-nio-9080-exec-7] DEBUG c.s.s.s.JwtAuthenticationFilter - Processing request to: /api/books with token present: true
2024-12-09 12:51:07 [http-nio-9080-exec-8] DEBUG c.s.s.s.JwtAuthenticationFilter - Processing request to: /api/auth/current with token present: true
2024-12-09 12:51:07 [http-nio-9080-exec-8] ERROR c.s.server.security.JwtTokenProvider - JWT validation failed: JWT strings must contain exactly 2 period characters. Found: 0
2024-12-09 12:51:07 [http-nio-9080-exec-6] ERROR c.s.server.security.JwtTokenProvider - JWT validation failed: JWT strings must contain exactly 2 period characters. Found: 0
2024-12-09 12:51:07 [http-nio-9080-exec-7] ERROR c.s.server.security.JwtTokenProvider - JWT validation failed: JWT strings must contain exactly 2 period characters. Found: 0
2024-12-09 12:51:07 [http-nio-9080-exec-4] ERROR c.s.server.security.JwtTokenProvider - JWT validation failed: JWT strings must contain exactly 2 period characters. Found: 0
2024-12-09 12:51:07 [http-nio-9080-exec-5] ERROR c.s.server.security.JwtTokenProvider - JWT validation failed: JWT strings must contain exactly 2 period characters. Found: 0
2024-12-09 12:51:07 [http-nio-9080-exec-8] WARN  c.s.s.s.JwtAuthenticationFilter - Invalid token provided
2024-12-09 12:51:07 [http-nio-9080-exec-5] WARN  c.s.s.s.JwtAuthenticationFilter - Invalid token provided
2024-12-09 12:51:07 [http-nio-9080-exec-6] WARN  c.s.s.s.JwtAuthenticationFilter - Invalid token provided
2024-12-09 12:51:07 [http-nio-9080-exec-7] WARN  c.s.s.s.JwtAuthenticationFilter - Invalid token provided
2024-12-09 12:51:07 [http-nio-9080-exec-4] WARN  c.s.s.s.JwtAuthenticationFilter - Invalid token provided
2024-12-09 12:51:07 [http-nio-9080-exec-9] DEBUG c.s.s.s.JwtAuthenticationFilter - Processing request to: /api/auth/current with token present: false
2024-12-09 12:51:07 [http-nio-9080-exec-9] DEBUG c.s.s.s.JwtAuthenticationFilter - Processing request to: /api/auth/current with token present: false
2024-12-09 12:51:07 [http-nio-9080-exec-10] DEBUG c.s.s.s.JwtAuthenticationFilter - Processing request to: /api/auth/current with token present: false
2024-12-09 12:51:07 [http-nio-9080-exec-10] DEBUG c.s.s.s.JwtAuthenticationFilter - Processing request to: /api/auth/current with token present: false
2024-12-09 12:51:07 [http-nio-9080-exec-1] DEBUG c.s.s.s.JwtAuthenticationFilter - Processing request to: /api/books with token present: false
2024-12-09 12:51:07 [http-nio-9080-exec-2] DEBUG c.s.s.s.JwtAuthenticationFilter - Processing request to: /api/users/count with token present: false
2024-12-09 12:51:07 [http-nio-9080-exec-3] DEBUG c.s.s.s.JwtAuthenticationFilter - Processing request to: /api/books/count with token present: false
2024-12-09 12:51:07 [http-nio-9080-exec-7] DEBUG c.s.s.s.JwtAuthenticationFilter - Processing request to: /api/transactions/active-loans-count with token present: false
2024-12-09 12:51:12 [http-nio-9080-exec-8] DEBUG c.s.s.s.JwtAuthenticationFilter - Processing request to: /api/health with token present: false
2024-12-09 12:51:22 [http-nio-9080-exec-6] DEBUG c.s.s.s.JwtAuthenticationFilter - Processing request to: /api/health with token present: false
2024-12-09 12:51:32 [http-nio-9080-exec-5] DEBUG c.s.s.s.JwtAuthenticationFilter - Processing request to: /api/health with token present: false
2024-12-09 12:51:42 [http-nio-9080-exec-2] DEBUG c.s.s.s.JwtAuthenticationFilter - Processing request to: /api/health with token present: false
2024-12-09 12:51:52 [http-nio-9080-exec-7] DEBUG c.s.s.s.JwtAuthenticationFilter - Processing request to: /api/health with token present: false
2024-12-09 12:52:02 [http-nio-9080-exec-8] DEBUG c.s.s.s.JwtAuthenticationFilter - Processing request to: /api/health with token present: false
2024-12-09 12:52:12 [http-nio-9080-exec-6] DEBUG c.s.s.s.JwtAuthenticationFilter - Processing request to: /api/health with token present: false
2024-12-09 12:52:22 [http-nio-9080-exec-5] DEBUG c.s.s.s.JwtAuthenticationFilter - Processing request to: /api/health with token present: false
2024-12-09 12:52:32 [http-nio-9080-exec-4] DEBUG c.s.s.s.JwtAuthenticationFilter - Processing request to: /api/health with token present: false
2024-12-09 12:52:42 [http-nio-9080-exec-9] DEBUG c.s.s.s.JwtAuthenticationFilter - Processing request to: /api/health with token present: false
2024-12-09 12:52:52 [http-nio-9080-exec-10] DEBUG c.s.s.s.JwtAuthenticationFilter - Processing request to: /api/health with token present: false
2024-12-09 12:53:02 [http-nio-9080-exec-3] DEBUG c.s.s.s.JwtAuthenticationFilter - Processing request to: /api/health with token present: false
2024-12-09 12:53:12 [http-nio-9080-exec-1] DEBUG c.s.s.s.JwtAuthenticationFilter - Processing request to: /api/health with token present: false
2024-12-09 12:53:22 [http-nio-9080-exec-2] DEBUG c.s.s.s.JwtAuthenticationFilter - Processing request to: /api/health with token present: false
2024-12-09 12:53:32 [http-nio-9080-exec-7] DEBUG c.s.s.s.JwtAuthenticationFilter - Processing request to: /api/health with token present: false
2024-12-09 12:53:51 [http-nio-9080-exec-8] DEBUG c.s.s.s.JwtAuthenticationFilter - Processing request to: /api/health with token present: false
